e:\coding\c++\cppgenericprogramming\go.net\go.net\x64\debug\vc140.pdb
e:\coding\c++\cppgenericprogramming\go.net\go.net\x64\debug\qrc_gonet.obj
e:\coding\c++\cppgenericprogramming\go.net\go.net\x64\debug\valuetype.obj
e:\coding\c++\cppgenericprogramming\go.net\go.net\x64\debug\object.obj
e:\coding\c++\cppgenericprogramming\go.net\go.net\x64\debug\main.obj
e:\coding\c++\cppgenericprogramming\go.net\go.net\x64\debug\jsonparser.obj
e:\coding\c++\cppgenericprogramming\go.net\go.net\x64\debug\gonet.obj
e:\coding\c++\cppgenericprogramming\go.net\go.net\x64\debug\moc_gonet.obj
e:\coding\c++\cppgenericprogramming\go.net\go.net\x64\debug\moc_gamewindow.obj
e:\coding\c++\cppgenericprogramming\go.net\go.net\x64\debug\gamewindow.obj
e:\coding\c++\cppgenericprogramming\go.net\go.net\x64\debug\array.obj
e:\coding\c++\cppgenericprogramming\go.net\go.net\x64\debug\value.obj
e:\coding\c++\cppgenericprogramming\go.net\go.net\x64\debug\moc_datasender.obj
e:\coding\c++\cppgenericprogramming\go.net\go.net\x64\debug\moc_datareceiver.obj
e:\coding\c++\cppgenericprogramming\go.net\go.net\x64\debug\datasender.obj
e:\coding\c++\cppgenericprogramming\go.net\go.net\x64\debug\datareceiver.obj
e:\coding\c++\cppgenericprogramming\go.net\go.net\x64\debug\datagram.obj
e:\coding\c++\cppgenericprogramming\go.net\go.net\x64\debug\chess.obj
e:\coding\c++\cppgenericprogramming\go.net\go.net\x64\debug\messagewindow.obj
e:\coding\c++\cppgenericprogramming\go.net\go.net\x64\debug\moc_messagewindow.obj
e:\coding\c++\cppgenericprogramming\go.net\go.net\generatedfiles\qrc_gonet.cpp
e:\coding\c++\cppgenericprogramming\go.net\go.net\generatedfiles\ui_gonet.h
e:\coding\c++\cppgenericprogramming\go.net\go.net\generatedfiles\debug\moc_datasender.cpp
e:\coding\c++\cppgenericprogramming\go.net\go.net\generatedfiles\debug\moc_datareceiver.cpp
e:\coding\c++\cppgenericprogramming\go.net\go.net\generatedfiles\ui_gamewindow.h
e:\coding\c++\cppgenericprogramming\go.net\go.net\generatedfiles\ui_messagewindow.h
e:\coding\c++\cppgenericprogramming\go.net\go.net\generatedfiles\debug\moc_gamewindow.cpp
e:\coding\c++\cppgenericprogramming\go.net\go.net\generatedfiles\debug\moc_gonet.cpp
e:\coding\c++\cppgenericprogramming\go.net\go.net\generatedfiles\debug\moc_messagewindow.cpp
e:\coding\c++\cppgenericprogramming\go.net\x64\debug\go.net.ilk
e:\coding\c++\cppgenericprogramming\go.net\x64\debug\go.net.exe
e:\coding\c++\cppgenericprogramming\go.net\x64\debug\go.net.pdb
e:\coding\c++\cppgenericprogramming\go.net\go.net\x64\debug\go.net.tlog\cl.command.1.tlog
e:\coding\c++\cppgenericprogramming\go.net\go.net\x64\debug\go.net.tlog\cl.read.1.tlog
e:\coding\c++\cppgenericprogramming\go.net\go.net\x64\debug\go.net.tlog\cl.write.1.tlog
e:\coding\c++\cppgenericprogramming\go.net\go.net\x64\debug\go.net.tlog\custombuild.command.1.tlog
e:\coding\c++\cppgenericprogramming\go.net\go.net\x64\debug\go.net.tlog\custombuild.read.1.tlog
e:\coding\c++\cppgenericprogramming\go.net\go.net\x64\debug\go.net.tlog\custombuild.write.1.tlog
e:\coding\c++\cppgenericprogramming\go.net\go.net\x64\debug\go.net.tlog\link.command.1.tlog
e:\coding\c++\cppgenericprogramming\go.net\go.net\x64\debug\go.net.tlog\link.read.1.tlog
e:\coding\c++\cppgenericprogramming\go.net\go.net\x64\debug\go.net.tlog\link.write.1.tlog
